2025-02-16 18:00:18 - INFO - =============== 游 Skript OOP_metaClass2.py spu코t캩n. ===============
2025-02-16 18:00:18 - INFO - 游닉 Vol치n칤 metody: __init__, Argumenty: (<__main__.Auto object at 0x000001CB9F731FD0>, 'Tesla'), {}
2025-02-16 18:00:18 - INFO - 游닉 Vol치n칤 metody: start, Argumenty: (<__main__.Auto object at 0x000001CB9F731FD0>,), {}
2025-02-16 18:00:18 - TERMIN츼L - 游뚱 Tesla nastartovalo!
2025-02-16 18:00:18 - INFO - 游닉 Vol치n칤 metody: stop, Argumenty: (<__main__.Auto object at 0x000001CB9F731FD0>,), {}
2025-02-16 18:00:18 - TERMIN츼L - 游뚱 Tesla zastavilo!
2025-02-16 18:00:18 - INFO - 游닉 Vol치n칤 metody: __init__, Argumenty: (<__main__.Letadlo object at 0x000001CB9F732120>, 'Boeing 747'), {}
2025-02-16 18:00:18 - TERMIN츼L - 九걾잺 Letadlo Boeing 747 bylo vytvo콏eno.
2025-02-16 18:00:18 - INFO - 游닉 Vol치n칤 metody: vzlet, Argumenty: (<__main__.Letadlo object at 0x000001CB9F732120>,), {}
2025-02-16 18:00:18 - TERMIN츼L - 九걾잺 Boeing 747 vzl칠tlo!
2025-02-16 18:00:18 - INFO - 游닉 Vol치n칤 metody: pristani, Argumenty: (<__main__.Letadlo object at 0x000001CB9F732120>,), {}
2025-02-16 18:00:18 - TERMIN츼L - 九걾잺 Boeing 747 p콏ist치lo!
2025-02-16 18:00:18 - INFO - 游닉 VYPNUTO LOGOV츼N칈
2025-02-16 18:00:18 - INFO - =============== 游끠 Skript OOP_metaClass2.py ukon캜en. ===============


2025-02-16 18:00:21 - INFO - =============== 游 Skript OOP_metaClass2.py spu코t캩n. ===============
2025-02-16 18:00:21 - INFO - 游닉 Vol치n칤 metody: __init__, Argumenty: (<__main__.Auto object at 0x000001D658981FD0>, 'Tesla'), {}
2025-02-16 18:00:21 - INFO - 游닉 Vol치n칤 metody: start, Argumenty: (<__main__.Auto object at 0x000001D658981FD0>,), {}
2025-02-16 18:00:21 - TERMIN츼L - 游뚱 Tesla nastartovalo!
2025-02-16 18:00:21 - INFO - 游닉 Vol치n칤 metody: stop, Argumenty: (<__main__.Auto object at 0x000001D658981FD0>,), {}
2025-02-16 18:00:21 - TERMIN츼L - 游뚱 Tesla zastavilo!
2025-02-16 18:00:21 - INFO - 游닉 Vol치n칤 metody: __init__, Argumenty: (<__main__.Letadlo object at 0x000001D658982120>, 'Boeing 747'), {}
2025-02-16 18:00:21 - TERMIN츼L - 九걾잺 Letadlo Boeing 747 bylo vytvo콏eno.
2025-02-16 18:00:21 - INFO - 游닉 Vol치n칤 metody: vzlet, Argumenty: (<__main__.Letadlo object at 0x000001D658982120>,), {}
2025-02-16 18:00:21 - TERMIN츼L - 九걾잺 Boeing 747 vzl칠tlo!
2025-02-16 18:00:21 - INFO - 游닉 Vol치n칤 metody: pristani, Argumenty: (<__main__.Letadlo object at 0x000001D658982120>,), {}
2025-02-16 18:00:21 - TERMIN츼L - 九걾잺 Boeing 747 p콏ist치lo!
2025-02-16 18:00:21 - INFO - 游닉 VYPNUTO LOGOV츼N칈
2025-02-16 18:00:21 - INFO - =============== 游끠 Skript OOP_metaClass2.py ukon캜en. ===============


2025-02-16 18:45:15 - INFO - =============== 游 Skript OOP_metaClass2.py spu코t캩n. ===============
2025-02-16 18:45:15 - INFO - 游닉 Vol치n칤 metody: __init__, Argumenty: (<__main__.Auto object at 0x0000021E3A461FD0>, 'Tesla'), {}
2025-02-16 18:45:15 - INFO - 游닉 Vol치n칤 metody: start, Argumenty: (<__main__.Auto object at 0x0000021E3A461FD0>,), {}
2025-02-16 18:45:15 - TERMIN츼L - 游뚱 Tesla nastartovalo!
2025-02-16 18:45:15 - INFO - 游닉 Vol치n칤 metody: stop, Argumenty: (<__main__.Auto object at 0x0000021E3A461FD0>,), {}
2025-02-16 18:45:15 - TERMIN츼L - 游뚱 Tesla zastavilo!
2025-02-16 18:45:15 - INFO - 游닉 Vol치n칤 metody: __init__, Argumenty: (<__main__.Letadlo object at 0x0000021E3A462120>, 'Boeing 747'), {}
2025-02-16 18:45:15 - TERMIN츼L - 九걾잺 Letadlo Boeing 747 bylo vytvo콏eno.
2025-02-16 18:45:15 - INFO - 游닉 Vol치n칤 metody: vzlet, Argumenty: (<__main__.Letadlo object at 0x0000021E3A462120>,), {}
2025-02-16 18:45:15 - TERMIN츼L - 九걾잺 Boeing 747 vzl칠tlo!
2025-02-16 18:45:15 - INFO - 游닉 Vol치n칤 metody: pristani, Argumenty: (<__main__.Letadlo object at 0x0000021E3A462120>,), {}
2025-02-16 18:45:15 - TERMIN츼L - 九걾잺 Boeing 747 p콏ist치lo!
2025-02-16 18:45:15 - INFO - 游닉 VYPNUTO LOGOV츼N칈
2025-02-16 18:45:15 - INFO - =============== 游끠 Skript OOP_metaClass2.py ukon캜en. ===============


